<?xml version="1.1" encoding="UTF-8"?>
<testsuite name="com.vijayrc.scribbles.SamplerTest" tests="1" failures="0" errors="0" timestamp="2013-06-22T14:10:46" hostname="vijayrc" time="0.002">
  <properties/>
  <testcase name="shouldSaySomething" classname="com.vijayrc.scribbles.SamplerTest" time="0.002"/>
  <system-out><![CDATA[]]></system-out>
  <system-err><![CDATA[]]></system-err>
</testsuite>
